<?xml version="1.0" encoding="UTF-8"?>
<!-- Generated by org.testng.reporters.JUnitReportReporter -->
<testsuite hostname="TapanKNew.local" failures="0" tests="1" name="testCases.HomePageTest" time="255.358" errors="0" timestamp="12 Oct 2021 14:10:43 GMT" skipped="0">
  <testcase classname="testCases.HomePageTest" name="uploadFile" time="255.358"/>
</testsuite> <!-- testCases.HomePageTest -->
